build/outputs/mapping/release/seeds.txt
cards.pay.paycardsrecognizer.sdk.R$styleable: int Slider_android_enabled
cards.pay.paycardsrecognizer.sdk.R$attr: int closeIconSize
cards.pay.paycardsrecognizer.sdk.R$attr: int layoutDuringTransition
cards.pay.paycardsrecognizer.sdk.R$attr: int editTextColor
cards.pay.paycardsrecognizer.sdk.R$styleable: int Constraint_layout_constraintCircleAngle
cards.pay.paycardsrecognizer.sdk.R$styleable: int KeyTimeCycle_curveFit
cards.pay.paycardsrecognizer.sdk.R$style: int TextAppearance_AppCompat_Menu
cards.pay.paycardsrecognizer.sdk.R$styleable: int AppCompatTheme_actionBarTabBarStyle
cards.pay.paycardsrecognizer.sdk.R$styleable: int[] BottomAppBar
cards.pay.paycardsrecognizer.sdk.R$styleable: int Slider_trackColorActive
cards.pay.paycardsrecognizer.sdk.R$dimen: int design_fab_elevation
cards.pay.paycardsrecognizer.sdk.R$dimen: int design_navigation_item_icon_padding
cards.pay.paycardsrecognizer.sdk.R$attr: int iconSize
cards.pay.paycardsrecognizer.sdk.R$styleable: int ConstraintSet_layout_constraintRight_toLeftOf
cards.pay.paycardsrecognizer.sdk.R$attr: int elevationOverlayEnabled
cards.pay.paycardsrecognizer.sdk.R$id: int navigation_header_container
cards.pay.paycardsrecognizer.sdk.R$styleable: int ConstraintLayout_Layout_layout_constraintEnd_toEndOf
cards.pay.paycardsrecognizer.sdk.R$color: int abc_color_highlight_material
cards.pay.paycardsrecognizer.sdk.R$style: int Theme_MaterialComponents_Dialog_FixedSize_Bridge
cards.pay.paycardsrecognizer.sdk.R$styleable: int GradientColorItem_android_color
cards.pay.paycardsrecognizer.sdk.R$style: int Widget_AppCompat_Light_ActionBar_TabText
cards.pay.paycardsrecognizer.sdk.R$style: int Widget_MaterialComponents_TextInputLayout_OutlinedBox
cards.pay.paycardsrecognizer.sdk.R$dimen: int design_bottom_navigation_item_min_width
cards.pay.paycardsrecognizer.sdk.R$dimen: int mtrl_btn_stroke_size
cards.pay.paycardsrecognizer.sdk.R$attr: int hintAnimationEnabled
cards.pay.paycardsrecognizer.sdk.R$attr: int hintTextColor
cards.pay.paycardsrecognizer.sdk.R$string: int abc_action_menu_overflow_description
cards.pay.paycardsrecognizer.sdk.camera.CameraUtils$NativeSupportedSize: cards.pay.paycardsrecognizer.sdk.camera.CameraUtils$NativeSupportedSize valueOf(java.lang.String)
cards.pay.paycardsrecognizer.sdk.R$styleable: int AppCompatTheme_colorSwitchThumbNormal
cards.pay.paycardsrecognizer.sdk.R$dimen: int abc_edit_text_inset_horizontal_material
cards.pay.paycardsrecognizer.sdk.R$style: int Widget_MaterialComponents_Snackbar
cards.pay.paycardsrecognizer.sdk.R$id: int line1
cards.pay.paycardsrecognizer.sdk.R$styleable: int SearchView_android_maxWidth
cards.pay.paycardsrecognizer.sdk.R$styleable: int Constraint_android_transformPivotX
cards.pay.paycardsrecognizer.sdk.R$id: int transition_layout_save
cards.pay.paycardsrecognizer.sdk.R$attr: int layout_constraintWidth_min
cards.pay.paycardsrecognizer.sdk.R$styleable: int ConstraintSet_constraint_referenced_ids
cards.pay.paycardsrecognizer.sdk.R$attr: int badgeStyle
cards.pay.paycardsrecognizer.sdk.R$styleable
cards.pay.paycardsrecognizer.sdk.R$styleable: int AppCompatTheme_colorPrimary
cards.pay.paycardsrecognizer.sdk.R$attr: int behavior_draggable
cards.pay.paycardsrecognizer.sdk.R$id: int mtrl_internal_children_alpha_tag
cards.pay.paycardsrecognizer.sdk.R$styleable: int AppCompatTheme_actionDropDownStyle
cards.pay.paycardsrecognizer.sdk.R$dimen: int abc_dialog_fixed_width_major
cards.pay.paycardsrecognizer.sdk.R$attr: int cardUseCompatPadding
cards.pay.paycardsrecognizer.sdk.R$attr: int submitBackground
cards.pay.paycardsrecognizer.sdk.R$drawable: int abc_ic_star_half_black_36dp
cards.pay.paycardsrecognizer.sdk.R$styleable: int ActionMenuItemView_android_minWidth
cards.pay.paycardsrecognizer.sdk.R$styleable: int[] ImageFilterView
cards.pay.paycardsrecognizer.sdk.R$dimen: int mtrl_calendar_header_height_fullscreen
cards.pay.paycardsrecognizer.sdk.R$drawable: int abc_btn_borderless_material