build/outputs/mapping/release/mapping.txt
# compiler: R8
# compiler_version: 2.1.75
# pg_map_id: 22c1d06
# common_typos_disable
...
cards.pay.paycardsrecognizer.sdk.camera.WindowRotationListener$ImplDefault$1 -> cards.pay.paycardsrecognizer.sdk.camera.WindowRotationListener$ImplDefault$1:
    61:63:void <init>(cards.pay.paycardsrecognizer.sdk.camera.WindowRotationListener$ImplDefault,android.content.Context) -> <init>
    67:77:void onOrientationChanged(int) -> onOrientationChanged
cards.pay.paycardsrecognizer.sdk.camera.gles.Drawable2d -> cards.pay.paycardsrecognizer.sdk.camera.gles.Drawable2d:
    33:48:void <clinit>() -> <clinit>
    62:68:void <init>() -> <init>
    114:114:int getCoordsPerVertex() -> getCoordsPerVertex
    86:86:java.nio.FloatBuffer getTexCoordArray() -> getTexCoordArray
    107:107:int getTexCoordStride() -> getTexCoordStride
    77:77:java.nio.FloatBuffer getVertexArray() -> getVertexArray
    93:93:int getVertexCount() -> getVertexCount
    100:100:int getVertexStride() -> getVertexStride
cards.pay.paycardsrecognizer.sdk.camera.gles.EglCore -> cards.pay.paycardsrecognizer.sdk.camera.gles.EglCore:
    49:106:void <init>(javax.microedition.khronos.egl.EGLContext,int) -> <init>
    315:316:void checkEglError(java.lang.String) -> checkEglError
    198:210:javax.microedition.khronos.egl.EGLSurface createWindowSurface(java.lang.Object) -> createWindowSurface
    171:181:void finalize() -> finalize
    122:143:javax.microedition.khronos.egl.EGLConfig getConfig(int) -> getConfig
    237:242:void makeCurrent(javax.microedition.khronos.egl.EGLSurface) -> makeCurrent
    263:265:void makeNothingCurrent() -> makeNothingCurrent
    291:293:int querySurface(javax.microedition.khronos.egl.EGLSurface,int) -> querySurface
    153:165:void release() -> release
    189:189:void releaseSurface(javax.microedition.khronos.egl.EGLSurface) -> releaseSurface
    275:275:boolean swapBuffers(javax.microedition.khronos.egl.EGLSurface) -> swapBuffers
cards.pay.paycardsrecognizer.sdk.camera.gles.GlUtil -> cards.pay.paycardsrecognizer.sdk.camera.gles.GlUtil:
    35:36:void <clinit>() -> <clinit>
    105:109:void checkGlError(java.lang.String) -> checkGlError
    121:121:void checkLocation(int,java.lang.String) -> checkLocation
    130:134:java.nio.FloatBuffer createFloatBuffer(float[]) -> createFloatBuffer
    50:74:int createProgram(java.lang.String,java.lang.String) -> createProgram
    86:95:int loadShader(int,java.lang.String) -> loadShader
cards.pay.paycardsrecognizer.sdk.camera.gles.Sprite2d -> cards.pay.paycardsrecognizer.sdk.camera.gles.Sprite2d:
    37:46:void <init>(cards.pay.paycardsrecognizer.sdk.camera.gles.Drawable2d) -> <init>
    175:180:void draw(cards.pay.paycardsrecognizer.sdk.camera.gles.Texture2dProgram,float[]) -> draw
    139:142:float[] getModelViewMatrix() -> getModelViewMatrix
    54:62:void recomputeMatrix() -> recomputeMatrix
    128:130:void setPosition(float,float) -> setPosition
    106:107:void setRotation(float) -> setRotation
    83:85:void setScale(float,float) -> setScale
    158:158:void setTexture(int) -> setTexture
    185:185:java.lang.String toString() -> toString
cards.pay.paycardsrecognizer.sdk.camera.gles.Texture2dProgram -> cards.pay.paycardsrecognizer.sdk.camera.gles.Texture2dProgram:
    67:105:void <init>() -> <init>
    127:143:int createTextureObject() -> createTextureObject
    196:247:void draw(float[],java.nio.FloatBuffer,int,int,int,int,float[],java.nio.FloatBuffer,int,int) -> draw
    117:118:void release() -> release
    154:159:void setKernel(float[],float) -> setKernel
    170:170:void setTexSize(int,int) -> setTexSize