build/outputs/mapping/release/usage.txt
cards.pay.paycardsrecognizer.sdk.camera.gles.Drawable2d:
    private static final int SIZEOF_FLOAT
cards.pay.paycardsrecognizer.sdk.camera.CameraConfigurationUtils:
    private void <init>()
    static android.hardware.Camera createCamera()
    static boolean isFlashSupported(android.hardware.Camera)
    public static void setFocusArea(android.hardware.Camera$Parameters)
    public static void setMeteringArea(android.hardware.Camera$Parameters)
    private static java.util.List buildCardArea()
    private static java.lang.String toString(java.lang.Iterable)
    private static final float MAX_EXPOSURE_COMPENSATION
    private static final float MIN_EXPOSURE_COMPENSATION
    private static final boolean DBG
    private static final java.lang.String TAG
    private static final boolean ENABLE_EXPOSURE
    private static final boolean ENABLE_METERING
cards.pay.paycardsrecognizer.sdk.ui.ScanCardFragment$InteractionListener:
    public abstract void onScanCardCanceled(int)
cards.pay.paycardsrecognizer.sdk.ui.InitLibraryFragment:
    public static final java.lang.String TAG
    private static final int REQUEST_CAMERA_PERMISSION_CODE
cards.pay.paycardsrecognizer.sdk.ndk.RecognitionCoreNdk$TorchStatusListenerHandler:
    private static final int MESSAGE_TORCH_STATUS_CHANGED
cards.pay.paycardsrecognizer.sdk.camera.ScanManagerHandler:
    public void sendFpsResport(java.lang.String)
    private static final boolean DBG
    private static final java.lang.String TAG
    private static final int MSG_SEND_OPEN_CAMERA_ERROR
    private static final int MSG_SEND_RENDER_THREAD_ERROR
    private static final int MSG_SEND_CAMERA_OPENED
    private static final int MSG_SEND_NEW_BORDERS
    private static final int MSG_SEND_FPS_REPORT
    private static final int MSG_SEND_AUTO_FOCUS_MOVING
    private static final int MSG_SEND_AUTO_FOCUS_COMPLETE
cards.pay.paycardsrecognizer.sdk.camera.ScanManager$4:
    private long mRecognitionCompleteTs
cards.pay.paycardsrecognizer.sdk.camera.RenderThread$RenderHandler:
    public void sendResumeProcessFrames()
    public void sendRedraw()
    private static final int MSG_SURFACE_AVAILABLE
    private static final int MSG_SURFACE_CHANGED
    private static final int MSG_SURFACE_DESTROYED
    private static final int MSG_SHUTDOWN
    private static final int MSG_FRAME_AVAILABLE
    private static final int MSG_ORIENTATION_CHANGED
    private static final int MSG_REDRAW
    private static final int MSG_PAUSE_CAMERA
    private static final int MSG_RESUME_CAMERA
    private static final int MSG_PAUSE_PROCESS_FRAMES
    private static final int MSG_RESUME_PROCESS_FRAMES
    private static final int MSG_TOGGLE_FLASH
    private static final int MSG_REQUEST_FOCUS
    private static final int MSG_FREEZE
    private static final int MSG_UNFREEZE
cards.pay.paycardsrecognizer.sdk.camera.CameraManager$1:
    public void onFpsReport(java.lang.String)
cards.pay.paycardsrecognizer.sdk.camera.ProcessFrameThread:
    private void tickFps(byte[])
    private void tickDropFps()
    private void nextFps()
    private int mFpsNo
    private static final boolean DBG
    private static final java.lang.String TAG
cards.pay.paycardsrecognizer.sdk.camera.RenderThread:
    private static final boolean DBG
    private static final java.lang.String TAG
cards.pay.paycardsrecognizer.sdk.camera.OrientationHelper:
    private void <init>()
    private static final boolean DBG
    private static final java.lang.String TAG
cards.pay.paycardsrecognizer.sdk.camera.FpsCounter
cards.pay.paycardsrecognizer.sdk.camera.widget.CameraPreviewLayout:
    private final android.graphics.Rect mTmpCard
cards.pay.paycardsrecognizer.sdk.camera.gles.EglCore:
    private int mGlVersion
cards.pay.paycardsrecognizer.sdk.ui.ScanCardFragment$1:
    final synthetic cards.pay.paycardsrecognizer.sdk.ui.ScanCardFragment this$0